Apr 26, 2015 6:37:58 AM org.apache.catalina.startup.HostConfig deployWAR
INFO: Deploying web application archive /var/lib/tomcat7/webapps/service_test.war
Apr 26, 2015 6:37:58 AM org.apache.catalina.loader.WebappClassLoader validateJarFile
INFO: validateJarFile(/var/lib/tomcat7/webapps/service_test/WEB-INF/lib/javax.servlet-api-3.1.0.jar) - jar not loaded. See Servlet Spec 3.0, section 10.7.2. Offending class: javax/servlet/Servlet.class
Apr 26, 2015 6:37:58 AM org.apache.catalina.deploy.WebXml setVersion
WARNING: Unknown version string [3.1]. Default version will be used.
SLF4J: Failed to load class "org.slf4j.impl.StaticLoggerBinder".
SLF4J: Defaulting to no-operation (NOP) logger implementation
SLF4J: See http://www.slf4j.org/codes.html#StaticLoggerBinder for further details.
Apr 26, 2015 6:38:04 AM org.hibernate.jpa.internal.util.LogHelper logPersistenceUnitInformation
INFO: HHH000204: Processing PersistenceUnitInfo [
	name: skService
	...]
Apr 26, 2015 6:38:05 AM org.hibernate.Version logVersion
INFO: HHH000412: Hibernate Core {4.3.6.Final}
Apr 26, 2015 6:38:05 AM org.hibernate.cfg.Environment <clinit>
INFO: HHH000206: hibernate.properties not found
Apr 26, 2015 6:38:05 AM org.hibernate.cfg.Environment buildBytecodeProvider
INFO: HHH000021: Bytecode provider name : javassist
Apr 26, 2015 6:38:05 AM org.hibernate.annotations.common.reflection.java.JavaReflectionManager <clinit>
INFO: HCANN000001: Hibernate Commons Annotations {4.0.5.Final}
Apr 26, 2015 6:38:05 AM org.hibernate.dialect.Dialect <init>
INFO: HHH000400: Using dialect: org.hibernate.dialect.MySQL5Dialect
Apr 26, 2015 6:38:05 AM org.hibernate.hql.internal.ast.ASTQueryTranslatorFactory <init>
INFO: HHH000397: Using ASTQueryTranslatorFactory
Apr 26, 2015 6:38:06 AM org.hibernate.validator.internal.util.Version <clinit>
INFO: HV000001: Hibernate Validator 5.1.0.Final
Exception in thread "ContainerBackgroundProcessor[StandardEngine[Catalina]]" 
Exception: java.lang.OutOfMemoryError thrown from the UncaughtExceptionHandler in thread "ContainerBackgroundProcessor[StandardEngine[Catalina]]"
Hibernate: select tblcourse0_.id as id1_0_, tblcourse0_.alias as alias2_0_, tblcourse0_.courseName as courseNa3_0_, tblcourse0_.detail as detail4_0_, tblcourse0_.userID as userID5_0_ from Tblcourse tblcourse0_ where tblcourse0_.userID=? order by tblcourse0_.id limit ?
Hibernate: select tbluser0_.id as id1_3_0_, tbluser0_.email as email2_3_0_, tbluser0_.password as password3_3_0_, tbluser0_.username as username4_3_0_ from Tbluser tbluser0_ where tbluser0_.id=?
Exception in thread "http-bio-8080-exec-56" 
Exception: java.lang.OutOfMemoryError thrown from the UncaughtExceptionHandler in thread "http-bio-8080-exec-56"
